13:42:16.608 [main] INFO  api.test.UserTests - ******************** Creating user ********************
13:42:16.646 [main] INFO  api.test.UserTests - ******************** Creating user ********************
13:42:18.233 [main] INFO  api.test.UserTests - ******************** Creating user ********************
13:42:18.635 [main] INFO  api.test.UserTests - ******************** Creating user ********************
13:42:20.467 [main] INFO  api.test.UserTests - ******************** User is created ********************
13:42:20.475 [main] INFO  api.test.UserTests - ******************** User is created ********************
13:42:20.497 [main] INFO  api.test.UserTests - ******************** Reading user info ********************
13:42:20.505 [main] INFO  api.test.UserTests - ******************** Reading user info ********************
13:42:20.755 [main] INFO  api.test.UserTests - ******************** User info is displayed ********************
13:42:20.761 [main] INFO  api.test.UserTests - ******************** Updating user ********************
13:42:20.785 [main] INFO  api.test.UserTests - ******************** Updating user ********************
13:42:21.173 [main] INFO  api.test.UserTests - ******************** User updated ********************
13:42:21.178 [main] INFO  api.test.UserTests - ******************** Deleting User ********************
13:42:21.210 [main] INFO  api.test.UserTests - ******************** User updated ********************
13:42:21.216 [main] INFO  api.test.UserTests - ******************** Deleting User ********************
13:42:21.388 [main] INFO  api.test.UserTests - ******************** User deleted ********************
13:42:21.415 [main] INFO  api.test.UserTests - ******************** User is created ********************
13:42:21.440 [main] INFO  api.test.UserTests - ******************** Reading user info ********************
13:42:21.691 [main] INFO  api.test.UserTests - ******************** User info is displayed ********************
13:42:21.699 [main] INFO  api.test.UserTests - ******************** Updating user ********************
13:42:22.075 [main] INFO  api.test.UserTests - ******************** User updated ********************
13:42:22.081 [main] INFO  api.test.UserTests - ******************** Deleting User ********************
13:42:22.106 [main] INFO  api.test.UserTests - ******************** User is created ********************
13:42:22.146 [main] INFO  api.test.UserTests - ******************** Reading user info ********************
13:42:22.266 [main] INFO  api.test.UserTests - ******************** User deleted ********************
13:42:22.400 [main] INFO  api.test.UserTests - ******************** User info is displayed ********************
13:42:22.405 [main] INFO  api.test.UserTests - ******************** Updating user ********************
13:42:22.763 [main] INFO  api.test.UserTests - ******************** User updated ********************
13:42:22.769 [main] INFO  api.test.UserTests - ******************** Deleting User ********************
13:42:22.937 [main] INFO  api.test.UserTests - ******************** User deleted ********************
13:43:37.639 [main] INFO  api.test.UserTests - ******************** Creating user ********************
13:43:39.455 [main] INFO  api.test.UserTests - ******************** User is created ********************
13:43:39.467 [main] INFO  api.test.UserTests - ******************** Reading user info ********************
13:43:39.645 [main] INFO  api.test.UserTests - ******************** User info is displayed ********************
13:43:39.649 [main] INFO  api.test.UserTests - ******************** Updating user ********************
13:43:40.014 [main] INFO  api.test.UserTests - ******************** User updated ********************
13:43:40.016 [main] INFO  api.test.UserTests - ******************** Deleting User ********************
13:43:40.172 [main] INFO  api.test.UserTests - ******************** User deleted ********************
13:44:00.477 [main] INFO  api.test.UserTests - ******************** Creating user ********************
13:44:02.278 [main] INFO  api.test.UserTests - ******************** User is created ********************
13:44:02.292 [main] INFO  api.test.UserTests - ******************** Reading user info ********************
13:44:02.474 [main] INFO  api.test.UserTests - ******************** User info is displayed ********************
13:44:02.478 [main] INFO  api.test.UserTests - ******************** Updating user ********************
13:44:02.793 [main] INFO  api.test.UserTests - ******************** User updated ********************
13:44:02.797 [main] INFO  api.test.UserTests - ******************** Deleting User ********************
13:44:02.941 [main] INFO  api.test.UserTests - ******************** User deleted ********************
13:44:39.826 [main] INFO  api.test.UserTests - ******************** Creating user ********************
13:44:41.575 [main] INFO  api.test.UserTests - ******************** User is created ********************
13:44:41.593 [main] INFO  api.test.UserTests - ******************** Reading user info ********************
13:44:41.773 [main] INFO  api.test.UserTests - ******************** User info is displayed ********************
13:44:41.776 [main] INFO  api.test.UserTests - ******************** Updating user ********************
13:44:42.113 [main] INFO  api.test.UserTests - ******************** User updated ********************
13:44:42.117 [main] INFO  api.test.UserTests - ******************** Deleting User ********************
13:44:42.286 [main] INFO  api.test.UserTests - ******************** User deleted ********************
15:16:08.183 [main] INFO  api.test.UserTests2 - ******************** Creating user ********************
15:16:10.150 [main] INFO  api.test.UserTests2 - ******************** User is created ********************
15:16:10.169 [main] INFO  api.test.UserTests2 - ******************** Reading user info ********************
15:16:10.408 [main] INFO  api.test.UserTests2 - ******************** User info is displayed ********************
15:16:10.411 [main] INFO  api.test.UserTests2 - ******************** Updating user ********************
15:16:10.416 [main] INFO  api.test.UserTests2 - ******************** Deleting User ********************
15:16:10.593 [main] INFO  api.test.UserTests2 - ******************** User deleted ********************
15:16:42.918 [main] INFO  api.test.UserTests2 - ******************** Creating user ********************
15:16:44.611 [main] INFO  api.test.UserTests2 - ******************** User is created ********************
15:16:44.626 [main] INFO  api.test.UserTests2 - ******************** Reading user info ********************
15:16:44.817 [main] INFO  api.test.UserTests2 - ******************** User info is displayed ********************
15:16:44.821 [main] INFO  api.test.UserTests2 - ******************** Updating user ********************
15:16:44.826 [main] INFO  api.test.UserTests2 - ******************** Deleting User ********************
15:16:44.983 [main] INFO  api.test.UserTests2 - ******************** User deleted ********************
15:19:36.145 [main] INFO  api.test.UserTests2 - ******************** Creating user ********************
15:19:37.931 [main] INFO  api.test.UserTests2 - ******************** User is created ********************
15:19:37.945 [main] INFO  api.test.UserTests2 - ******************** Reading user info ********************
15:19:38.157 [main] INFO  api.test.UserTests2 - ******************** User info is displayed ********************
15:19:38.160 [main] INFO  api.test.UserTests2 - ******************** Updating user ********************
15:19:38.165 [main] INFO  api.test.UserTests2 - ******************** Deleting User ********************
15:19:38.320 [main] INFO  api.test.UserTests2 - ******************** User deleted ********************
15:43:04.558 [main] INFO  api.test.UserTests - ******************** Creating user ********************
15:43:04.788 [main] INFO  api.test.UserTests - ******************** User is created ********************
15:43:04.790 [main] INFO  api.test.UserTests - ******************** Reading user info ********************
15:43:04.989 [main] INFO  api.test.UserTests - ******************** User info is displayed ********************
15:43:04.990 [main] INFO  api.test.UserTests - ******************** Updating user ********************
15:43:05.342 [main] INFO  api.test.UserTests - ******************** User updated ********************
15:43:05.345 [main] INFO  api.test.UserTests - ******************** Deleting User ********************
15:43:05.510 [main] INFO  api.test.UserTests - ******************** User deleted ********************
15:50:24.350 [main] INFO  api.test.UserTests2 - ******************** Creating user ********************
15:50:26.243 [main] INFO  api.test.UserTests2 - ******************** User is created ********************
15:50:26.268 [main] INFO  api.test.UserTests2 - ******************** Reading user info ********************
15:50:26.457 [main] INFO  api.test.UserTests2 - ******************** User info is displayed ********************
15:50:26.459 [main] INFO  api.test.UserTests2 - ******************** Updating user ********************
15:50:26.468 [main] INFO  api.test.UserTests2 - ******************** Deleting User ********************
15:50:26.637 [main] INFO  api.test.UserTests2 - ******************** User deleted ********************
16:01:39.440 [main] INFO  api.test.UserTests2 - ******************** Creating user ********************
16:01:41.679 [main] INFO  api.test.UserTests2 - ******************** User is created ********************
16:01:41.695 [main] INFO  api.test.UserTests2 - ******************** Reading user info ********************
16:01:41.987 [main] INFO  api.test.UserTests2 - ******************** User info is displayed ********************
16:01:41.989 [main] INFO  api.test.UserTests2 - ******************** Updating user ********************
16:01:41.995 [main] INFO  api.test.UserTests2 - ******************** Deleting User ********************
16:01:42.170 [main] INFO  api.test.UserTests2 - ******************** User deleted ********************
16:07:23.405 [main] INFO  api.test.UserTests2 - ******************** Creating user ********************
16:07:25.369 [main] INFO  api.test.UserTests2 - ******************** User is created ********************
16:07:25.384 [main] INFO  api.test.UserTests2 - ******************** Reading user info ********************
16:07:25.647 [main] INFO  api.test.UserTests2 - ******************** User info is displayed ********************
16:07:25.649 [main] INFO  api.test.UserTests2 - ******************** Updating user ********************
16:07:25.654 [main] INFO  api.test.UserTests2 - ******************** Deleting User ********************
16:07:25.852 [main] INFO  api.test.UserTests2 - ******************** User deleted ********************
16:16:56.770 [main] INFO  api.test.UserTests2 - ******************** Creating user ********************
16:16:58.705 [main] INFO  api.test.UserTests2 - ******************** User is created ********************
16:16:58.721 [main] INFO  api.test.UserTests2 - ******************** Reading user info ********************
16:16:58.908 [main] INFO  api.test.UserTests2 - ******************** User info is displayed ********************
16:16:58.911 [main] INFO  api.test.UserTests2 - ******************** Updating user ********************
16:16:59.294 [main] INFO  api.test.UserTests2 - ******************** User updated ********************
16:16:59.296 [main] INFO  api.test.UserTests2 - ******************** Deleting User ********************
16:16:59.457 [main] INFO  api.test.UserTests2 - ******************** User deleted ********************
16:28:18.261 [main] INFO  api.test.UserTests2 - ******************** Creating user ********************
16:28:20.355 [main] INFO  api.test.UserTests2 - ******************** User is created ********************
16:28:20.371 [main] INFO  api.test.UserTests2 - ******************** Reading user info ********************
16:28:20.592 [main] INFO  api.test.UserTests2 - ******************** User info is displayed ********************
16:28:20.594 [main] INFO  api.test.UserTests2 - ******************** Updating user ********************
16:28:20.956 [main] INFO  api.test.UserTests2 - ******************** User updated ********************
16:28:20.957 [main] INFO  api.test.UserTests2 - ******************** Deleting User ********************
16:28:21.113 [main] INFO  api.test.UserTests2 - ******************** User deleted ********************
17:49:08.071 [main] INFO  api.test.UserTests2 - ******************** Creating user ********************
17:49:10.479 [main] INFO  api.test.UserTests2 - ******************** User is created ********************
17:49:10.490 [main] INFO  api.test.UserTests2 - ******************** Reading user info ********************
17:49:10.661 [main] INFO  api.test.UserTests2 - ******************** User info is displayed ********************
17:49:10.664 [main] INFO  api.test.UserTests2 - ******************** Updating user ********************
17:49:10.983 [main] INFO  api.test.UserTests2 - ******************** User updated ********************
17:49:10.985 [main] INFO  api.test.UserTests2 - ******************** Deleting User ********************
17:49:11.137 [main] INFO  api.test.UserTests2 - ******************** User deleted ********************
18:07:38.630 [main] INFO  api.test.UserTests2 - ******************** Creating user ********************
18:07:41.402 [main] INFO  api.test.UserTests2 - ******************** User is created ********************
18:07:41.418 [main] INFO  api.test.UserTests2 - ******************** Reading user info ********************
18:07:41.593 [main] INFO  api.test.UserTests2 - ******************** User info is displayed ********************
18:07:41.595 [main] INFO  api.test.UserTests2 - ******************** Updating user ********************
18:07:41.911 [main] INFO  api.test.UserTests2 - ******************** User updated ********************
18:07:41.914 [main] INFO  api.test.UserTests2 - ******************** Deleting User ********************
18:07:42.059 [main] INFO  api.test.UserTests2 - ******************** User deleted ********************
18:34:28.243 [main] INFO  api.test.UserTests2 - ******************** Creating user ********************
18:34:30.531 [main] INFO  api.test.UserTests2 - ******************** User is created ********************
18:34:30.545 [main] INFO  api.test.UserTests2 - ******************** Reading user info ********************
18:34:30.737 [main] INFO  api.test.UserTests2 - ******************** User info is displayed ********************
18:34:30.739 [main] INFO  api.test.UserTests2 - ******************** Updating user ********************
18:34:31.088 [main] INFO  api.test.UserTests2 - ******************** User updated ********************
18:34:31.092 [main] INFO  api.test.UserTests2 - ******************** Deleting User ********************
18:34:31.240 [main] INFO  api.test.UserTests2 - ******************** User deleted ********************
